<?xml version="1.0" encoding="UTF-8"?>
<!-- Generated by org.testng.reporters.JUnitReportReporter -->
<testsuite hostname="HemanthChinnu" failures="0" tests="1" name="CaseTrack.HomeValidation" time="6.568" errors="0" timestamp="2020-02-11T23:23:27 IST" skipped="0">
  <testcase classname="CaseTrack.HomeValidation" name="Home" time="6.568"/>
  <system-out/>
</testsuite> <!-- CaseTrack.HomeValidation -->
