<?xml version="1.0" encoding="UTF-8"?>
<!-- Generated by org.testng.reporters.JUnitReportReporter -->
<testsuite hostname="HemanthChinnu" failures="0" tests="2" name="CaseTrack.Login" time="26.840" errors="0" timestamp="2020-02-11T23:23:27 IST" skipped="0">
  <testcase classname="CaseTrack.Login" name="basepagenavigation" time="14.919"/>
  <system-out/>
  <testcase classname="CaseTrack.Login" name="basepagenavigation" time="11.921"/>
  <system-out/>
</testsuite> <!-- CaseTrack.Login -->
