<?xml version="1.0" encoding="UTF-8"?>
<!-- Generated by org.testng.reporters.JUnitReportReporter -->
<testsuite skipped="0" hostname="HemanthChinnu" name="CaseTrack.Login" tests="2" failures="0" timestamp="2020-02-12T23:16:58 IST" time="45.477" errors="0">
  <testcase name="basepagenavigation" time="23.823" classname="CaseTrack.Login"/>
  <system-out/>
  <testcase name="basepagenavigation" time="21.654" classname="CaseTrack.Login"/>
  <system-out/>
</testsuite> <!-- CaseTrack.Login -->
